<?xml version="1.0" encoding="UTF-8"?>
<!-- Generated by org.testng.reporters.JUnitXMLReporter -->
<testsuite hostname="SandhyaK-PC" ignored="0" name="Test" tests="9" failures="0" timestamp="15 Feb 2018 07:00:07 GMT" time="0.092" errors="0">
  <testcase name="mul" time="0.021" classname="testMaven.Sum"/>
  <testcase name="sub" time="0.002" classname="testMaven.Sum"/>
  <testcase name="sum1" time="0.002" classname="testMaven.Sum"/>
  <testcase name="mul" time="0.002" classname="testMaven.sum2"/>
  <testcase name="sub" time="0.001" classname="testMaven.sum2"/>
  <testcase name="sum1" time="0.002" classname="testMaven.sum2"/>
  <testcase name="mul" time="0.002" classname="testMaven.sum3"/>
  <testcase name="sub" time="0.003" classname="testMaven.sum3"/>
  <testcase name="sum1" time="0.001" classname="testMaven.sum3"/>
</testsuite> <!-- Test -->
