<?xml version="1.0" encoding="UTF-8"?>
<testng-results skipped="0" failed="0" ignored="0" total="9" passed="9">
  <reporter-output>
  </reporter-output>
  <suite name="Suite" duration-ms="92" started-at="2018-02-15T07:00:07Z" finished-at="2018-02-15T07:00:07Z">
    <groups>
    </groups>
    <test name="Test" duration-ms="92" started-at="2018-02-15T07:00:07Z" finished-at="2018-02-15T07:00:07Z">
      <class name="testMaven.sum3">
        <test-method status="PASS" signature="mul()[pri:0, instance:testMaven.sum3@ae45eb6]" name="mul" duration-ms="2" started-at="2018-02-15T07:00:07Z" finished-at="2018-02-15T07:00:07Z">
          <reporter-output>
          </reporter-output>
        </test-method> <!-- mul -->
        <test-method status="PASS" signature="sub()[pri:0, instance:testMaven.sum3@ae45eb6]" name="sub" duration-ms="3" started-at="2018-02-15T07:00:07Z" finished-at="2018-02-15T07:00:07Z">
          <reporter-output>
          </reporter-output>
        </test-method> <!-- sub -->
        <test-method status="PASS" signature="sum1()[pri:0, instance:testMaven.sum3@ae45eb6]" name="sum1" duration-ms="1" started-at="2018-02-15T07:00:07Z" finished-at="2018-02-15T07:00:07Z">
          <reporter-output>
          </reporter-output>
        </test-method> <!-- sum1 -->
      </class> <!-- testMaven.sum3 -->
      <class name="testMaven.Sum">
        <test-method status="PASS" signature="mul()[pri:0, instance:testMaven.Sum@5e5792a0]" name="mul" duration-ms="21" started-at="2018-02-15T07:00:07Z" finished-at="2018-02-15T07:00:07Z">
          <reporter-output>
          </reporter-output>
        </test-method> <!-- mul -->
        <test-method status="PASS" signature="sub()[pri:0, instance:testMaven.Sum@5e5792a0]" name="sub" duration-ms="2" started-at="2018-02-15T07:00:07Z" finished-at="2018-02-15T07:00:07Z">
          <reporter-output>
          </reporter-output>
        </test-method> <!-- sub -->
        <test-method status="PASS" signature="sum1()[pri:0, instance:testMaven.Sum@5e5792a0]" name="sum1" duration-ms="2" started-at="2018-02-15T07:00:07Z" finished-at="2018-02-15T07:00:07Z">
          <reporter-output>
          </reporter-output>
        </test-method> <!-- sum1 -->
      </class> <!-- testMaven.Sum -->
      <class name="testMaven.sum2">
        <test-method status="PASS" signature="mul()[pri:0, instance:testMaven.sum2@68c4039c]" name="mul" duration-ms="2" started-at="2018-02-15T07:00:07Z" finished-at="2018-02-15T07:00:07Z">
          <reporter-output>
          </reporter-output>
        </test-method> <!-- mul -->
        <test-method status="PASS" signature="sub()[pri:0, instance:testMaven.sum2@68c4039c]" name="sub" duration-ms="1" started-at="2018-02-15T07:00:07Z" finished-at="2018-02-15T07:00:07Z">
          <reporter-output>
          </reporter-output>
        </test-method> <!-- sub -->
        <test-method status="PASS" signature="sum1()[pri:0, instance:testMaven.sum2@68c4039c]" name="sum1" duration-ms="2" started-at="2018-02-15T07:00:07Z" finished-at="2018-02-15T07:00:07Z">
          <reporter-output>
          </reporter-output>
        </test-method> <!-- sum1 -->
      </class> <!-- testMaven.sum2 -->
    </test> <!-- Test -->
  </suite> <!-- Suite -->
</testng-results>
